<!DOCTYPE html>

<html>
  <head>
  <meta charset='utf-8'>
  <title>TestNG reports</title>

    <link type="text/css" href="testng-reports1.css" rel="stylesheet" id="ultra" />
    <link type="text/css" href="testng-reports.css" rel="stylesheet" id="retro" disabled="false"/>
    <script type="text/javascript" src="jquery.min.js"></script>
    <script type="text/javascript" src="testng-reports.js"></script>
    <script type="text/javascript" src="https://www.google.com/jsapi"></script>
    <script type='text/javascript'>
      google.load('visualization', '1', {packages:['table']});
      google.setOnLoadCallback(drawTable);
      var suiteTableInitFunctions = new Array();
      var suiteTableData = new Array();
    </script>
    <!--
      <script type="text/javascript" src="jquery-ui/js/jquery-ui-1.8.16.custom.min.js"></script>
     -->
  </head>

  <body>
    <div class="top-banner-root">
      <span class="top-banner-title-font">Test results</span>
      <button id="button" class="button">Switch Retro Theme</button> <!-- button -->
      <br/>
      <span class="top-banner-font-1">1 suite, 1 failed test</span>
    </div> <!-- top-banner-root -->
    <div class="navigator-root">
      <div class="navigator-suite-header">
        <span>All suites</span>
        <a href="#" title="Collapse/expand all the suites" class="collapse-all-link">
          <img src="collapseall.gif" class="collapse-all-icon">
          </img> <!-- collapse-all-icon -->
        </a> <!-- collapse-all-link -->
      </div> <!-- navigator-suite-header -->
      <div class="suite">
        <div class="rounded-window">
          <div class="suite-header light-rounded-window-top">
            <a href="#" panel-name="suite-raybiztech_master_suite" class="navigator-link">
              <span class="suite-name border-failed">raybiztech master suite</span>
            </a> <!-- navigator-link -->
          </div> <!-- suite-header light-rounded-window-top -->
          <div class="navigator-suite-content">
            <div class="suite-section-title">
              <span>Info</span>
            </div> <!-- suite-section-title -->
            <div class="suite-section-content">
              <ul>
                <li>
                  <a href="#" panel-name="test-xml-raybiztech_master_suite" class="navigator-link ">
                    <span>C:\Users\mprag\eclipse-workspace\raybiztech\src\test\resources\testrunners\testng.xml</span>
                  </a> <!-- navigator-link  -->
                </li>
                <li>
                  <a href="#" panel-name="testlist-raybiztech_master_suite" class="navigator-link ">
                    <span class="test-stats">3 tests</span>
                  </a> <!-- navigator-link  -->
                </li>
                <li>
                  <a href="#" panel-name="group-raybiztech_master_suite" class="navigator-link ">
                    <span>0 groups</span>
                  </a> <!-- navigator-link  -->
                </li>
                <li>
                  <a href="#" panel-name="times-raybiztech_master_suite" class="navigator-link ">
                    <span>Times</span>
                  </a> <!-- navigator-link  -->
                </li>
                <li>
                  <a href="#" panel-name="reporter-raybiztech_master_suite" class="navigator-link ">
                    <span>Reporter output</span>
                  </a> <!-- navigator-link  -->
                </li>
                <li>
                  <a href="#" panel-name="ignored-methods-raybiztech_master_suite" class="navigator-link ">
                    <span>Ignored methods</span>
                  </a> <!-- navigator-link  -->
                </li>
                <li>
                  <a href="#" panel-name="chronological-raybiztech_master_suite" class="navigator-link ">
                    <span>Chronological view</span>
                  </a> <!-- navigator-link  -->
                </li>
              </ul>
            </div> <!-- suite-section-content -->
            <div class="result-section">
              <div class="suite-section-title">
                <span>Results</span>
              </div> <!-- suite-section-title -->
              <div class="suite-section-content">
                <ul>
                  <li>
                    <span class="method-stats">11 methods, 1 failed,  3 skipped,  7 passed</span>
                  </li>
                  <li>
                    <span class="method-list-title failed">Failed methods</span>
                    <span class="show-or-hide-methods failed">
                      <a href="#" panel-name="suite-raybiztech_master_suite" class="hide-methods failed suite-raybiztech_master_suite"> (hide)</a> <!-- hide-methods failed suite-raybiztech_master_suite -->
                      <a href="#" panel-name="suite-raybiztech_master_suite" class="show-methods failed suite-raybiztech_master_suite"> (show)</a> <!-- show-methods failed suite-raybiztech_master_suite -->
                    </span>
                    <div class="method-list-content failed suite-raybiztech_master_suite">
                      <span>
                        <img src="failed.png" width="3%"/>
                        <a href="#" panel-name="suite-raybiztech_master_suite" title="com.qa.raybiztech.tests.HomePageTest" class="method navigator-link" hash-for-method="homePageTitleValidation">homePageTitleValidation</a> <!-- method navigator-link -->
                      </span>
                      <br/>
                    </div> <!-- method-list-content failed suite-raybiztech_master_suite -->
                  </li>
                  <li>
                    <span class="method-list-title skipped">Retried methods</span>
                    <span class="show-or-hide-methods skipped">
                      <a href="#" panel-name="suite-raybiztech_master_suite" class="hide-methods skipped suite-raybiztech_master_suite"> (hide)</a> <!-- hide-methods skipped suite-raybiztech_master_suite -->
                      <a href="#" panel-name="suite-raybiztech_master_suite" class="show-methods skipped suite-raybiztech_master_suite"> (show)</a> <!-- show-methods skipped suite-raybiztech_master_suite -->
                    </span>
                    <div class="method-list-content skipped suite-raybiztech_master_suite">
                      <span>
                        <img src="skipped.png" width="3%"/>
                        <a href="#" panel-name="suite-raybiztech_master_suite" title="com.qa.raybiztech.tests.HomePageTest" class="method navigator-link" hash-for-method="homePageTitleValidation">homePageTitleValidation</a> <!-- method navigator-link -->
                      </span>
                      <br/>
                      <span>
                        <img src="skipped.png" width="3%"/>
                        <a href="#" panel-name="suite-raybiztech_master_suite" title="com.qa.raybiztech.tests.HomePageTest" class="method navigator-link" hash-for-method="homePageTitleValidation">homePageTitleValidation</a> <!-- method navigator-link -->
                      </span>
                      <br/>
                      <span>
                        <img src="skipped.png" width="3%"/>
                        <a href="#" panel-name="suite-raybiztech_master_suite" title="com.qa.raybiztech.tests.HomePageTest" class="method navigator-link" hash-for-method="homePageTitleValidation">homePageTitleValidation</a> <!-- method navigator-link -->
                      </span>
                      <br/>
                    </div> <!-- method-list-content skipped suite-raybiztech_master_suite -->
                  </li>
                  <li>
                    <span class="method-list-title passed">Passed methods</span>
                    <span class="show-or-hide-methods passed">
                      <a href="#" panel-name="suite-raybiztech_master_suite" class="hide-methods passed suite-raybiztech_master_suite"> (hide)</a> <!-- hide-methods passed suite-raybiztech_master_suite -->
                      <a href="#" panel-name="suite-raybiztech_master_suite" class="show-methods passed suite-raybiztech_master_suite"> (show)</a> <!-- show-methods passed suite-raybiztech_master_suite -->
                    </span>
                    <div class="method-list-content passed suite-raybiztech_master_suite">
                      <span>
                        <img src="passed.png" width="3%"/>
                        <a href="#" panel-name="suite-raybiztech_master_suite" title="com.qa.raybiztech.tests.ArtificialIntelligencePageTest" class="method navigator-link" hash-for-method="ArtificialIntelligencePageTitleValidation">ArtificialIntelligencePageTitleValidation</a> <!-- method navigator-link -->
                      </span>
                      <br/>
                      <span>
                        <img src="passed.png" width="3%"/>
                        <a href="#" panel-name="suite-raybiztech_master_suite" title="com.qa.raybiztech.tests.ArtificialIntelligencePageTest" class="method navigator-link" hash-for-method="artificialIntelligenceHeader">artificialIntelligenceHeader</a> <!-- method navigator-link -->
                      </span>
                      <br/>
                      <span>
                        <img src="passed.png" width="3%"/>
                        <a href="#" panel-name="suite-raybiztech_master_suite" title="com.qa.raybiztech.tests.ContactPageTest" class="method navigator-link" hash-for-method="contactRegisterReset(Amarendra Pani, 9.898565623E9, India, Testing, reset)">contactRegisterReset(Amarendra Pani, 9.898565623E9, India, Testing, reset)</a> <!-- method navigator-link -->
                      </span>
                      <br/>
                      <span>
                        <img src="passed.png" width="3%"/>
                        <a href="#" panel-name="suite-raybiztech_master_suite" title="com.qa.raybiztech.tests.ContactPageTest" class="method navigator-link" hash-for-method="contactRegisterReset(Srilatha bindu, 1.245782585E9, India, Srilatha Testing21, reset)">contactRegisterReset(Srilatha bindu, 1.245782585E9, India, Srilatha Testing21, reset)</a> <!-- method navigator-link -->
                      </span>
                      <br/>
                      <span>
                        <img src="passed.png" width="3%"/>
                        <a href="#" panel-name="suite-raybiztech_master_suite" title="com.qa.raybiztech.tests.ContactPageTest" class="method navigator-link" hash-for-method="contactRegisterReset(Haritha Juthuru, 3.265982536E9, India, Haritha Testing31, reset)">contactRegisterReset(Haritha Juthuru, 3.265982536E9, India, Haritha Testing31, reset)</a> <!-- method navigator-link -->
                      </span>
                      <br/>
                      <span>
                        <img src="passed.png" width="3%"/>
                        <a href="#" panel-name="suite-raybiztech_master_suite" title="com.qa.raybiztech.tests.ContactPageTest" class="method navigator-link" hash-for-method="contactRegisterReset(Mamatha Thunum, 4.532657814E9, India, Mamatha Testing21, reset)">contactRegisterReset(Mamatha Thunum, 4.532657814E9, India, Mamatha Testing21, reset)</a> <!-- method navigator-link -->
                      </span>
                      <br/>
                      <span>
                        <img src="passed.png" width="3%"/>
                        <a href="#" panel-name="suite-raybiztech_master_suite" title="com.qa.raybiztech.tests.HomePageTest" class="method navigator-link" hash-for-method="rbtLogoValidation">rbtLogoValidation</a> <!-- method navigator-link -->
                      </span>
                      <br/>
                    </div> <!-- method-list-content passed suite-raybiztech_master_suite -->
                  </li>
                </ul>
              </div> <!-- suite-section-content -->
            </div> <!-- result-section -->
          </div> <!-- navigator-suite-content -->
        </div> <!-- rounded-window -->
      </div> <!-- suite -->
    </div> <!-- navigator-root -->
    <div class="wrapper">
      <div class="main-panel-root">
        <div panel-name="suite-raybiztech_master_suite" class="panel raybiztech_master_suite">
          <div class="suite-raybiztech_master_suite-class-failed">
            <div class="main-panel-header rounded-window-top">
              <img src="failed.png"/>
              <span class="class-name">com.qa.raybiztech.tests.HomePageTest</span>
            </div> <!-- main-panel-header rounded-window-top -->
            <div class="main-panel-content rounded-window-bottom">
              <div class="method">
                <div class="method-content">
                  <a name="homePageTitleValidation">
                  </a> <!-- homePageTitleValidation -->
                  <span class="method-name">homePageTitleValidation</span>
                  <div class="stack-trace">org.openqa.selenium.TimeoutException: Expected condition failed: waiting for title to be &quot;A, Dynamics 365 ERP &amp; CRM, Kentico, Sitecore, Dell Boomi-RBT&quot;. Current title: &quot;AI, Dynamics 365 ERP &amp; CRM, Kentico, Sitecore, Dell Boomi-RBT&quot; (tried for 5 second(s) with 500 milliseconds interval)
Build info: version: &apos;4.1.1&apos;, revision: &apos;e8fcc2cecf&apos;
System info: host: &apos;LAPTOP-8J3R7791&apos;, ip: &apos;192.168.3.53&apos;, os.name: &apos;Windows 11&apos;, os.arch: &apos;amd64&apos;, os.version: &apos;10.0&apos;, java.version: &apos;17.0.5&apos;
Driver info: org.openqa.selenium.chrome.ChromeDriver
Capabilities {acceptInsecureCerts: false, browserName: chrome, browserVersion: 108.0.5359.125, chrome: {chromedriverVersion: 108.0.5359.71 (1e0e3868ee06..., userDataDir: C:\Users\mprag\AppData\Loca...}, goog:chromeOptions: {debuggerAddress: localhost:56239}, javascriptEnabled: true, networkConnectionEnabled: false, pageLoadStrategy: normal, platform: WINDOWS, platformName: WINDOWS, proxy: Proxy(), se:cdp: ws://localhost:56239/devtoo..., se:cdpVersion: 108.0.5359.125, setWindowRect: true, strictFileInteractability: false, timeouts: {implicit: 0, pageLoad: 300000, script: 30000}, unhandledPromptBehavior: dismiss and notify, webauthn:extension:credBlob: true, webauthn:extension:largeBlob: true, webauthn:virtualAuthenticators: true}
Session ID: 30c6be6f00c46e1cbf21d36b5d8dc8b6
	at org.openqa.selenium.support.ui.WebDriverWait.timeoutException(WebDriverWait.java:138)
	at org.openqa.selenium.support.ui.FluentWait.until(FluentWait.java:231)
	at com.qa.raybiztech.utils.ElementUtil.waitForPageActTitle(ElementUtil.java:332)
	at com.qa.raybiztech.utils.ElementUtil.doGetPageTitleIs(ElementUtil.java:343)
	at com.qa.raybiztech.pages.HomePage.getHomePageTitle(HomePage.java:36)
	at com.qa.raybiztech.tests.HomePageTest.homePageTitleValidation(HomePageTest.java:17)
	at java.base/jdk.internal.reflect.NativeMethodAccessorImpl.invoke0(Native Method)
	at java.base/jdk.internal.reflect.NativeMethodAccessorImpl.invoke(NativeMethodAccessorImpl.java:77)
	at java.base/jdk.internal.reflect.DelegatingMethodAccessorImpl.invoke(DelegatingMethodAccessorImpl.java:43)
	at java.base/java.lang.reflect.Method.invoke(Method.java:568)
	at org.testng.internal.MethodInvocationHelper.invokeMethod(MethodInvocationHelper.java:133)
	at org.testng.internal.TestInvoker.invokeMethod(TestInvoker.java:598)
	at org.testng.internal.TestInvoker.retryFailed(TestInvoker.java:213)
	at org.testng.internal.MethodRunner.runInSequence(MethodRunner.java:58)
	at org.testng.internal.TestInvoker$MethodInvocationAgent.invoke(TestInvoker.java:824)
	at org.testng.internal.TestInvoker.invokeTestMethods(TestInvoker.java:146)
	at org.testng.internal.TestMethodWorker.invokeTestMethods(TestMethodWorker.java:146)
	at org.testng.internal.TestMethodWorker.run(TestMethodWorker.java:128)
	at java.base/java.util.ArrayList.forEach(ArrayList.java:1511)
	at org.testng.TestRunner.privateRun(TestRunner.java:794)
	at org.testng.TestRunner.run(TestRunner.java:596)
	at org.testng.SuiteRunner.runTest(SuiteRunner.java:377)
	at org.testng.SuiteRunner.access$000(SuiteRunner.java:28)
	at org.testng.SuiteRunner$SuiteWorker.run(SuiteRunner.java:418)
	at org.testng.internal.thread.ThreadUtil.lambda$execute$0(ThreadUtil.java:64)
	at java.base/java.util.concurrent.FutureTask.run(FutureTask.java:264)
	at java.base/java.util.concurrent.ThreadPoolExecutor.runWorker(ThreadPoolExecutor.java:1136)
	at java.base/java.util.concurrent.ThreadPoolExecutor$Worker.run(ThreadPoolExecutor.java:635)
	at java.base/java.lang.Thread.run(Thread.java:833)

</div> <!-- stack-trace -->
                </div> <!-- method-content -->
              </div> <!-- method -->
            </div> <!-- main-panel-content rounded-window-bottom -->
          </div> <!-- suite-raybiztech_master_suite-class-failed -->
          <div class="suite-raybiztech_master_suite-class-skipped">
            <div class="main-panel-header rounded-window-top">
              <img src="skipped.png"/>
              <span class="class-name">com.qa.raybiztech.tests.HomePageTest</span>
            </div> <!-- main-panel-header rounded-window-top -->
            <div class="main-panel-content rounded-window-bottom">
              <div class="method">
                <div class="method-content">
                  <a name="homePageTitleValidation">
                  </a> <!-- homePageTitleValidation -->
                  <span class="method-name">homePageTitleValidation</span>
                  <div class="stack-trace">org.openqa.selenium.TimeoutException: Expected condition failed: waiting for title to be &quot;A, Dynamics 365 ERP &amp; CRM, Kentico, Sitecore, Dell Boomi-RBT&quot;. Current title: &quot;AI, Dynamics 365 ERP &amp; CRM, Kentico, Sitecore, Dell Boomi-RBT&quot; (tried for 5 second(s) with 500 milliseconds interval)
Build info: version: &apos;4.1.1&apos;, revision: &apos;e8fcc2cecf&apos;
System info: host: &apos;LAPTOP-8J3R7791&apos;, ip: &apos;192.168.3.53&apos;, os.name: &apos;Windows 11&apos;, os.arch: &apos;amd64&apos;, os.version: &apos;10.0&apos;, java.version: &apos;17.0.5&apos;
Driver info: org.openqa.selenium.chrome.ChromeDriver
Capabilities {acceptInsecureCerts: false, browserName: chrome, browserVersion: 108.0.5359.125, chrome: {chromedriverVersion: 108.0.5359.71 (1e0e3868ee06..., userDataDir: C:\Users\mprag\AppData\Loca...}, goog:chromeOptions: {debuggerAddress: localhost:56239}, javascriptEnabled: true, networkConnectionEnabled: false, pageLoadStrategy: normal, platform: WINDOWS, platformName: WINDOWS, proxy: Proxy(), se:cdp: ws://localhost:56239/devtoo..., se:cdpVersion: 108.0.5359.125, setWindowRect: true, strictFileInteractability: false, timeouts: {implicit: 0, pageLoad: 300000, script: 30000}, unhandledPromptBehavior: dismiss and notify, webauthn:extension:credBlob: true, webauthn:extension:largeBlob: true, webauthn:virtualAuthenticators: true}
Session ID: 30c6be6f00c46e1cbf21d36b5d8dc8b6
	at org.openqa.selenium.support.ui.WebDriverWait.timeoutException(WebDriverWait.java:138)
	at org.openqa.selenium.support.ui.FluentWait.until(FluentWait.java:231)
	at com.qa.raybiztech.utils.ElementUtil.waitForPageActTitle(ElementUtil.java:332)
	at com.qa.raybiztech.utils.ElementUtil.doGetPageTitleIs(ElementUtil.java:343)
	at com.qa.raybiztech.pages.HomePage.getHomePageTitle(HomePage.java:36)
	at com.qa.raybiztech.tests.HomePageTest.homePageTitleValidation(HomePageTest.java:17)
	at java.base/jdk.internal.reflect.NativeMethodAccessorImpl.invoke0(Native Method)
	at java.base/jdk.internal.reflect.NativeMethodAccessorImpl.invoke(NativeMethodAccessorImpl.java:77)
	at java.base/jdk.internal.reflect.DelegatingMethodAccessorImpl.invoke(DelegatingMethodAccessorImpl.java:43)
	at java.base/java.lang.reflect.Method.invoke(Method.java:568)
	at org.testng.internal.MethodInvocationHelper.invokeMethod(MethodInvocationHelper.java:133)
	at org.testng.internal.TestInvoker.invokeMethod(TestInvoker.java:598)
	at org.testng.internal.TestInvoker.invokeTestMethod(TestInvoker.java:173)
	at org.testng.internal.MethodRunner.runInSequence(MethodRunner.java:46)
	at org.testng.internal.TestInvoker$MethodInvocationAgent.invoke(TestInvoker.java:824)
	at org.testng.internal.TestInvoker.invokeTestMethods(TestInvoker.java:146)
	at org.testng.internal.TestMethodWorker.invokeTestMethods(TestMethodWorker.java:146)
	at org.testng.internal.TestMethodWorker.run(TestMethodWorker.java:128)
	at java.base/java.util.ArrayList.forEach(ArrayList.java:1511)
	at org.testng.TestRunner.privateRun(TestRunner.java:794)
	at org.testng.TestRunner.run(TestRunner.java:596)
	at org.testng.SuiteRunner.runTest(SuiteRunner.java:377)
	at org.testng.SuiteRunner.access$000(SuiteRunner.java:28)
	at org.testng.SuiteRunner$SuiteWorker.run(SuiteRunner.java:418)
	at org.testng.internal.thread.ThreadUtil.lambda$execute$0(ThreadUtil.java:64)
	at java.base/java.util.concurrent.FutureTask.run(FutureTask.java:264)
	at java.base/java.util.concurrent.ThreadPoolExecutor.runWorker(ThreadPoolExecutor.java:1136)
	at java.base/java.util.concurrent.ThreadPoolExecutor$Worker.run(ThreadPoolExecutor.java:635)
	at java.base/java.lang.Thread.run(Thread.java:833)

</div> <!-- stack-trace -->
                </div> <!-- method-content -->
              </div> <!-- method -->
              <div class="method">
                <div class="method-content">
                  <a name="homePageTitleValidation">
                  </a> <!-- homePageTitleValidation -->
                  <span class="method-name">homePageTitleValidation</span>
                  <div class="stack-trace">org.openqa.selenium.TimeoutException: Expected condition failed: waiting for title to be &quot;A, Dynamics 365 ERP &amp; CRM, Kentico, Sitecore, Dell Boomi-RBT&quot;. Current title: &quot;AI, Dynamics 365 ERP &amp; CRM, Kentico, Sitecore, Dell Boomi-RBT&quot; (tried for 5 second(s) with 500 milliseconds interval)
Build info: version: &apos;4.1.1&apos;, revision: &apos;e8fcc2cecf&apos;
System info: host: &apos;LAPTOP-8J3R7791&apos;, ip: &apos;192.168.3.53&apos;, os.name: &apos;Windows 11&apos;, os.arch: &apos;amd64&apos;, os.version: &apos;10.0&apos;, java.version: &apos;17.0.5&apos;
Driver info: org.openqa.selenium.chrome.ChromeDriver
Capabilities {acceptInsecureCerts: false, browserName: chrome, browserVersion: 108.0.5359.125, chrome: {chromedriverVersion: 108.0.5359.71 (1e0e3868ee06..., userDataDir: C:\Users\mprag\AppData\Loca...}, goog:chromeOptions: {debuggerAddress: localhost:56239}, javascriptEnabled: true, networkConnectionEnabled: false, pageLoadStrategy: normal, platform: WINDOWS, platformName: WINDOWS, proxy: Proxy(), se:cdp: ws://localhost:56239/devtoo..., se:cdpVersion: 108.0.5359.125, setWindowRect: true, strictFileInteractability: false, timeouts: {implicit: 0, pageLoad: 300000, script: 30000}, unhandledPromptBehavior: dismiss and notify, webauthn:extension:credBlob: true, webauthn:extension:largeBlob: true, webauthn:virtualAuthenticators: true}
Session ID: 30c6be6f00c46e1cbf21d36b5d8dc8b6
	at org.openqa.selenium.support.ui.WebDriverWait.timeoutException(WebDriverWait.java:138)
	at org.openqa.selenium.support.ui.FluentWait.until(FluentWait.java:231)
	at com.qa.raybiztech.utils.ElementUtil.waitForPageActTitle(ElementUtil.java:332)
	at com.qa.raybiztech.utils.ElementUtil.doGetPageTitleIs(ElementUtil.java:343)
	at com.qa.raybiztech.pages.HomePage.getHomePageTitle(HomePage.java:36)
	at com.qa.raybiztech.tests.HomePageTest.homePageTitleValidation(HomePageTest.java:17)
	at java.base/jdk.internal.reflect.NativeMethodAccessorImpl.invoke0(Native Method)
	at java.base/jdk.internal.reflect.NativeMethodAccessorImpl.invoke(NativeMethodAccessorImpl.java:77)
	at java.base/jdk.internal.reflect.DelegatingMethodAccessorImpl.invoke(DelegatingMethodAccessorImpl.java:43)
	at java.base/java.lang.reflect.Method.invoke(Method.java:568)
	at org.testng.internal.MethodInvocationHelper.invokeMethod(MethodInvocationHelper.java:133)
	at org.testng.internal.TestInvoker.invokeMethod(TestInvoker.java:598)
	at org.testng.internal.TestInvoker.retryFailed(TestInvoker.java:213)
	at org.testng.internal.MethodRunner.runInSequence(MethodRunner.java:58)
	at org.testng.internal.TestInvoker$MethodInvocationAgent.invoke(TestInvoker.java:824)
	at org.testng.internal.TestInvoker.invokeTestMethods(TestInvoker.java:146)
	at org.testng.internal.TestMethodWorker.invokeTestMethods(TestMethodWorker.java:146)
	at org.testng.internal.TestMethodWorker.run(TestMethodWorker.java:128)
	at java.base/java.util.ArrayList.forEach(ArrayList.java:1511)
	at org.testng.TestRunner.privateRun(TestRunner.java:794)
	at org.testng.TestRunner.run(TestRunner.java:596)
	at org.testng.SuiteRunner.runTest(SuiteRunner.java:377)
	at org.testng.SuiteRunner.access$000(SuiteRunner.java:28)
	at org.testng.SuiteRunner$SuiteWorker.run(SuiteRunner.java:418)
	at org.testng.internal.thread.ThreadUtil.lambda$execute$0(ThreadUtil.java:64)
	at java.base/java.util.concurrent.FutureTask.run(FutureTask.java:264)
	at java.base/java.util.concurrent.ThreadPoolExecutor.runWorker(ThreadPoolExecutor.java:1136)
	at java.base/java.util.concurrent.ThreadPoolExecutor$Worker.run(ThreadPoolExecutor.java:635)
	at java.base/java.lang.Thread.run(Thread.java:833)

</div> <!-- stack-trace -->
                </div> <!-- method-content -->
              </div> <!-- method -->
              <div class="method">
                <div class="method-content">
                  <a name="homePageTitleValidation">
                  </a> <!-- homePageTitleValidation -->
                  <span class="method-name">homePageTitleValidation</span>
                  <div class="stack-trace">org.openqa.selenium.TimeoutException: Expected condition failed: waiting for title to be &quot;A, Dynamics 365 ERP &amp; CRM, Kentico, Sitecore, Dell Boomi-RBT&quot;. Current title: &quot;AI, Dynamics 365 ERP &amp; CRM, Kentico, Sitecore, Dell Boomi-RBT&quot; (tried for 5 second(s) with 500 milliseconds interval)
Build info: version: &apos;4.1.1&apos;, revision: &apos;e8fcc2cecf&apos;
System info: host: &apos;LAPTOP-8J3R7791&apos;, ip: &apos;192.168.3.53&apos;, os.name: &apos;Windows 11&apos;, os.arch: &apos;amd64&apos;, os.version: &apos;10.0&apos;, java.version: &apos;17.0.5&apos;
Driver info: org.openqa.selenium.chrome.ChromeDriver
Capabilities {acceptInsecureCerts: false, browserName: chrome, browserVersion: 108.0.5359.125, chrome: {chromedriverVersion: 108.0.5359.71 (1e0e3868ee06..., userDataDir: C:\Users\mprag\AppData\Loca...}, goog:chromeOptions: {debuggerAddress: localhost:56239}, javascriptEnabled: true, networkConnectionEnabled: false, pageLoadStrategy: normal, platform: WINDOWS, platformName: WINDOWS, proxy: Proxy(), se:cdp: ws://localhost:56239/devtoo..., se:cdpVersion: 108.0.5359.125, setWindowRect: true, strictFileInteractability: false, timeouts: {implicit: 0, pageLoad: 300000, script: 30000}, unhandledPromptBehavior: dismiss and notify, webauthn:extension:credBlob: true, webauthn:extension:largeBlob: true, webauthn:virtualAuthenticators: true}
Session ID: 30c6be6f00c46e1cbf21d36b5d8dc8b6
	at org.openqa.selenium.support.ui.WebDriverWait.timeoutException(WebDriverWait.java:138)
	at org.openqa.selenium.support.ui.FluentWait.until(FluentWait.java:231)
	at com.qa.raybiztech.utils.ElementUtil.waitForPageActTitle(ElementUtil.java:332)
	at com.qa.raybiztech.utils.ElementUtil.doGetPageTitleIs(ElementUtil.java:343)
	at com.qa.raybiztech.pages.HomePage.getHomePageTitle(HomePage.java:36)
	at com.qa.raybiztech.tests.HomePageTest.homePageTitleValidation(HomePageTest.java:17)
	at java.base/jdk.internal.reflect.NativeMethodAccessorImpl.invoke0(Native Method)
	at java.base/jdk.internal.reflect.NativeMethodAccessorImpl.invoke(NativeMethodAccessorImpl.java:77)
	at java.base/jdk.internal.reflect.DelegatingMethodAccessorImpl.invoke(DelegatingMethodAccessorImpl.java:43)
	at java.base/java.lang.reflect.Method.invoke(Method.java:568)
	at org.testng.internal.MethodInvocationHelper.invokeMethod(MethodInvocationHelper.java:133)
	at org.testng.internal.TestInvoker.invokeMethod(TestInvoker.java:598)
	at org.testng.internal.TestInvoker.retryFailed(TestInvoker.java:213)
	at org.testng.internal.MethodRunner.runInSequence(MethodRunner.java:58)
	at org.testng.internal.TestInvoker$MethodInvocationAgent.invoke(TestInvoker.java:824)
	at org.testng.internal.TestInvoker.invokeTestMethods(TestInvoker.java:146)
	at org.testng.internal.TestMethodWorker.invokeTestMethods(TestMethodWorker.java:146)
	at org.testng.internal.TestMethodWorker.run(TestMethodWorker.java:128)
	at java.base/java.util.ArrayList.forEach(ArrayList.java:1511)
	at org.testng.TestRunner.privateRun(TestRunner.java:794)
	at org.testng.TestRunner.run(TestRunner.java:596)
	at org.testng.SuiteRunner.runTest(SuiteRunner.java:377)
	at org.testng.SuiteRunner.access$000(SuiteRunner.java:28)
	at org.testng.SuiteRunner$SuiteWorker.run(SuiteRunner.java:418)
	at org.testng.internal.thread.ThreadUtil.lambda$execute$0(ThreadUtil.java:64)
	at java.base/java.util.concurrent.FutureTask.run(FutureTask.java:264)
	at java.base/java.util.concurrent.ThreadPoolExecutor.runWorker(ThreadPoolExecutor.java:1136)
	at java.base/java.util.concurrent.ThreadPoolExecutor$Worker.run(ThreadPoolExecutor.java:635)
	at java.base/java.lang.Thread.run(Thread.java:833)

</div> <!-- stack-trace -->
                </div> <!-- method-content -->
              </div> <!-- method -->
            </div> <!-- main-panel-content rounded-window-bottom -->
          </div> <!-- suite-raybiztech_master_suite-class-skipped -->
          <div class="suite-raybiztech_master_suite-class-passed">
            <div class="main-panel-header rounded-window-top">
              <img src="passed.png"/>
              <span class="class-name">com.qa.raybiztech.tests.ArtificialIntelligencePageTest</span>
            </div> <!-- main-panel-header rounded-window-top -->
            <div class="main-panel-content rounded-window-bottom">
              <div class="method">
                <div class="method-content">
                  <a name="ArtificialIntelligencePageTitleValidation">
                  </a> <!-- ArtificialIntelligencePageTitleValidation -->
                  <span class="method-name">ArtificialIntelligencePageTitleValidation</span>
                </div> <!-- method-content -->
              </div> <!-- method -->
              <div class="method">
                <div class="method-content">
                  <a name="artificialIntelligenceHeader">
                  </a> <!-- artificialIntelligenceHeader -->
                  <span class="method-name">artificialIntelligenceHeader</span>
                </div> <!-- method-content -->
              </div> <!-- method -->
            </div> <!-- main-panel-content rounded-window-bottom -->
          </div> <!-- suite-raybiztech_master_suite-class-passed -->
          <div class="suite-raybiztech_master_suite-class-passed">
            <div class="main-panel-header rounded-window-top">
              <img src="passed.png"/>
              <span class="class-name">com.qa.raybiztech.tests.ContactPageTest</span>
            </div> <!-- main-panel-header rounded-window-top -->
            <div class="main-panel-content rounded-window-bottom">
              <div class="method">
                <div class="method-content">
                  <a name="contactRegisterReset(Amarendra Pani, 9.898565623E9, India, Testing, reset)">
                  </a> <!-- contactRegisterReset(Amarendra Pani, 9.898565623E9, India, Testing, reset) -->
                  <span class="method-name">contactRegisterReset</span>
                  <span class="parameters">(Amarendra Pani, 9.898565623E9, India, Testing, reset)</span>
                </div> <!-- method-content -->
              </div> <!-- method -->
              <div class="method">
                <div class="method-content">
                  <a name="contactRegisterReset(Srilatha bindu, 1.245782585E9, India, Srilatha Testing21, reset)">
                  </a> <!-- contactRegisterReset(Srilatha bindu, 1.245782585E9, India, Srilatha Testing21, reset) -->
                  <span class="method-name">contactRegisterReset</span>
                  <span class="parameters">(Srilatha bindu, 1.245782585E9, India, Srilatha Testing21, reset)</span>
                </div> <!-- method-content -->
              </div> <!-- method -->
              <div class="method">
                <div class="method-content">
                  <a name="contactRegisterReset(Haritha Juthuru, 3.265982536E9, India, Haritha Testing31, reset)">
                  </a> <!-- contactRegisterReset(Haritha Juthuru, 3.265982536E9, India, Haritha Testing31, reset) -->
                  <span class="method-name">contactRegisterReset</span>
                  <span class="parameters">(Haritha Juthuru, 3.265982536E9, India, Haritha Testing31, reset)</span>
                </div> <!-- method-content -->
              </div> <!-- method -->
              <div class="method">
                <div class="method-content">
                  <a name="contactRegisterReset(Mamatha Thunum, 4.532657814E9, India, Mamatha Testing21, reset)">
                  </a> <!-- contactRegisterReset(Mamatha Thunum, 4.532657814E9, India, Mamatha Testing21, reset) -->
                  <span class="method-name">contactRegisterReset</span>
                  <span class="parameters">(Mamatha Thunum, 4.532657814E9, India, Mamatha Testing21, reset)</span>
                </div> <!-- method-content -->
              </div> <!-- method -->
            </div> <!-- main-panel-content rounded-window-bottom -->
          </div> <!-- suite-raybiztech_master_suite-class-passed -->
          <div class="suite-raybiztech_master_suite-class-passed">
            <div class="main-panel-header rounded-window-top">
              <img src="passed.png"/>
              <span class="class-name">com.qa.raybiztech.tests.HomePageTest</span>
            </div> <!-- main-panel-header rounded-window-top -->
            <div class="main-panel-content rounded-window-bottom">
              <div class="method">
                <div class="method-content">
                  <a name="rbtLogoValidation">
                  </a> <!-- rbtLogoValidation -->
                  <span class="method-name">rbtLogoValidation</span>
                </div> <!-- method-content -->
              </div> <!-- method -->
            </div> <!-- main-panel-content rounded-window-bottom -->
          </div> <!-- suite-raybiztech_master_suite-class-passed -->
        </div> <!-- panel raybiztech_master_suite -->
        <div panel-name="test-xml-raybiztech_master_suite" class="panel">
          <div class="main-panel-header rounded-window-top">
            <span class="header-content">C:\Users\mprag\eclipse-workspace\raybiztech\src\test\resources\testrunners\testng.xml</span>
          </div> <!-- main-panel-header rounded-window-top -->
          <div class="main-panel-content rounded-window-bottom">
            <pre>
&lt;?xml version=&quot;1.0&quot; encoding=&quot;UTF-8&quot;?&gt;
&lt;!DOCTYPE suite SYSTEM &quot;https://testng.org/testng-1.0.dtd&quot;&gt;
&lt;suite thread-count=&quot;4&quot; parallel=&quot;tests&quot; name=&quot;raybiztech master suite&quot; guice-stage=&quot;DEVELOPMENT&quot; verbose=&quot;4&quot;&gt;
  &lt;listeners&gt;
    &lt;listener class-name=&quot;com.qa.raybiztech.listeners.ExtentReportListener&quot;/&gt;
    &lt;listener class-name=&quot;com.qa.raybiztech.listeners.AnnotationTransformer&quot;/&gt;
  &lt;/listeners&gt;
  &lt;test thread-count=&quot;4&quot; parallel=&quot;tests&quot; name=&quot;Homepage validation&quot; verbose=&quot;4&quot;&gt;
    &lt;classes&gt;
      &lt;class name=&quot;com.qa.raybiztech.tests.HomePageTest&quot;/&gt;
    &lt;/classes&gt;
  &lt;/test&gt; &lt;!-- Homepage validation --&gt;
  &lt;test thread-count=&quot;4&quot; parallel=&quot;tests&quot; name=&quot;ArtificialIntelligence validation&quot; verbose=&quot;4&quot;&gt;
    &lt;classes&gt;
      &lt;class name=&quot;com.qa.raybiztech.tests.ArtificialIntelligencePageTest&quot;/&gt;
    &lt;/classes&gt;
  &lt;/test&gt; &lt;!-- ArtificialIntelligence validation --&gt;
  &lt;test thread-count=&quot;4&quot; parallel=&quot;tests&quot; name=&quot;Contact validation&quot; verbose=&quot;4&quot;&gt;
    &lt;classes&gt;
      &lt;class name=&quot;com.qa.raybiztech.tests.ContactPageTest&quot;/&gt;
    &lt;/classes&gt;
  &lt;/test&gt; &lt;!-- Contact validation --&gt;
&lt;/suite&gt; &lt;!-- raybiztech master suite --&gt;
            </pre>
          </div> <!-- main-panel-content rounded-window-bottom -->
        </div> <!-- panel -->
        <div panel-name="testlist-raybiztech_master_suite" class="panel">
          <div class="main-panel-header rounded-window-top">
            <span class="header-content">Tests for raybiztech master suite</span>
          </div> <!-- main-panel-header rounded-window-top -->
          <div class="main-panel-content rounded-window-bottom">
            <ul>
              <li>
                <span class="test-name">Homepage validation (1 class)</span>
              </li>
              <li>
                <span class="test-name">ArtificialIntelligence validation (1 class)</span>
              </li>
              <li>
                <span class="test-name">Contact validation (1 class)</span>
              </li>
            </ul>
          </div> <!-- main-panel-content rounded-window-bottom -->
        </div> <!-- panel -->
        <div panel-name="group-raybiztech_master_suite" class="panel">
          <div class="main-panel-header rounded-window-top">
            <span class="header-content">Groups for raybiztech master suite</span>
          </div> <!-- main-panel-header rounded-window-top -->
          <div class="main-panel-content rounded-window-bottom">
          </div> <!-- main-panel-content rounded-window-bottom -->
        </div> <!-- panel -->
        <div panel-name="times-raybiztech_master_suite" class="panel">
          <div class="main-panel-header rounded-window-top">
            <span class="header-content">Times for raybiztech master suite</span>
          </div> <!-- main-panel-header rounded-window-top -->
          <div class="main-panel-content rounded-window-bottom">
            <div class="times-div">
              <script type="text/javascript">
suiteTableInitFunctions.push('tableData_raybiztech_master_suite');
function tableData_raybiztech_master_suite() {
var data = new google.visualization.DataTable();
data.addColumn('number', 'Number');
data.addColumn('string', 'Method');
data.addColumn('string', 'Class');
data.addColumn('number', 'Time (ms)');
data.addRows(11);
data.setCell(0, 0, 0)
data.setCell(0, 1, 'contactRegisterReset')
data.setCell(0, 2, 'com.qa.raybiztech.tests.ContactPageTest')
data.setCell(0, 3, 8389);
data.setCell(1, 0, 1)
data.setCell(1, 1, 'contactRegisterReset')
data.setCell(1, 2, 'com.qa.raybiztech.tests.ContactPageTest')
data.setCell(1, 3, 7470);
data.setCell(2, 0, 2)
data.setCell(2, 1, 'contactRegisterReset')
data.setCell(2, 2, 'com.qa.raybiztech.tests.ContactPageTest')
data.setCell(2, 3, 7429);
data.setCell(3, 0, 3)
data.setCell(3, 1, 'contactRegisterReset')
data.setCell(3, 2, 'com.qa.raybiztech.tests.ContactPageTest')
data.setCell(3, 3, 7429);
data.setCell(4, 0, 4)
data.setCell(4, 1, 'homePageTitleValidation')
data.setCell(4, 2, 'com.qa.raybiztech.tests.HomePageTest')
data.setCell(4, 3, 5513);
data.setCell(5, 0, 5)
data.setCell(5, 1, 'homePageTitleValidation')
data.setCell(5, 2, 'com.qa.raybiztech.tests.HomePageTest')
data.setCell(5, 3, 5184);
data.setCell(6, 0, 6)
data.setCell(6, 1, 'homePageTitleValidation')
data.setCell(6, 2, 'com.qa.raybiztech.tests.HomePageTest')
data.setCell(6, 3, 5132);
data.setCell(7, 0, 7)
data.setCell(7, 1, 'homePageTitleValidation')
data.setCell(7, 2, 'com.qa.raybiztech.tests.HomePageTest')
data.setCell(7, 3, 5084);
data.setCell(8, 0, 8)
data.setCell(8, 1, 'artificialIntelligenceHeader')
data.setCell(8, 2, 'com.qa.raybiztech.tests.ArtificialIntelligencePageTest')
data.setCell(8, 3, 1012);
data.setCell(9, 0, 9)
data.setCell(9, 1, 'rbtLogoValidation')
data.setCell(9, 2, 'com.qa.raybiztech.tests.HomePageTest')
data.setCell(9, 3, 960);
data.setCell(10, 0, 10)
data.setCell(10, 1, 'ArtificialIntelligencePageTitleValidation')
data.setCell(10, 2, 'com.qa.raybiztech.tests.ArtificialIntelligencePageTest')
data.setCell(10, 3, 19);
window.suiteTableData['raybiztech_master_suite']= { tableData: data, tableDiv: 'times-div-raybiztech_master_suite'}
return data;
}
              </script>
              <span class="suite-total-time">Total running time: 47 seconds</span>
              <div id="times-div-raybiztech_master_suite">
              </div> <!-- times-div-raybiztech_master_suite -->
            </div> <!-- times-div -->
          </div> <!-- main-panel-content rounded-window-bottom -->
        </div> <!-- panel -->
        <div panel-name="reporter-raybiztech_master_suite" class="panel">
          <div class="main-panel-header rounded-window-top">
            <span class="header-content">Reporter output for raybiztech master suite</span>
          </div> <!-- main-panel-header rounded-window-top -->
          <div class="main-panel-content rounded-window-bottom">
          </div> <!-- main-panel-content rounded-window-bottom -->
        </div> <!-- panel -->
        <div panel-name="ignored-methods-raybiztech_master_suite" class="panel">
          <div class="main-panel-header rounded-window-top">
            <span class="header-content">0 ignored methods</span>
          </div> <!-- main-panel-header rounded-window-top -->
          <div class="main-panel-content rounded-window-bottom">
          </div> <!-- main-panel-content rounded-window-bottom -->
        </div> <!-- panel -->
        <div panel-name="chronological-raybiztech_master_suite" class="panel">
          <div class="main-panel-header rounded-window-top">
            <span class="header-content">Methods in chronological order</span>
          </div> <!-- main-panel-header rounded-window-top -->
          <div class="main-panel-content rounded-window-bottom">
            <div class="chronological-class">
              <div class="chronological-class-name">com.qa.raybiztech.tests.HomePageTest</div> <!-- chronological-class-name -->
              <div class="configuration-test before">
                <span class="method-name">setUp</span>
                <span class="method-start">0 ms</span>
              </div> <!-- configuration-test before -->
            </div> <!-- chronological-class -->
            <div class="chronological-class">
              <div class="chronological-class-name">com.qa.raybiztech.tests.ArtificialIntelligencePageTest</div> <!-- chronological-class-name -->
              <div class="configuration-test before">
                <span class="method-name">setUp</span>
                <span class="method-start">0 ms</span>
              </div> <!-- configuration-test before -->
            </div> <!-- chronological-class -->
            <div class="chronological-class">
              <div class="chronological-class-name">com.qa.raybiztech.tests.ContactPageTest</div> <!-- chronological-class-name -->
              <div class="configuration-test before">
                <span class="method-name">setUp</span>
                <span class="method-start">0 ms</span>
              </div> <!-- configuration-test before -->
            </div> <!-- chronological-class -->
            <div class="chronological-class">
              <div class="chronological-class-name">com.qa.raybiztech.tests.HomePageTest</div> <!-- chronological-class-name -->
              <div class="test-method">
                <span class="method-name">homePageTitleValidation</span>
                <span class="method-start">11233 ms</span>
              </div> <!-- test-method -->
            </div> <!-- chronological-class -->
            <div class="chronological-class">
              <div class="chronological-class-name">com.qa.raybiztech.tests.ArtificialIntelligencePageTest</div> <!-- chronological-class-name -->
              <div class="configuration-class before">
                <span class="method-name">aipSetup</span>
                <span class="method-start">11274 ms</span>
              </div> <!-- configuration-class before -->
            </div> <!-- chronological-class -->
            <div class="chronological-class">
              <div class="chronological-class-name">com.qa.raybiztech.tests.ContactPageTest</div> <!-- chronological-class-name -->
              <div class="configuration-class before">
                <span class="method-name">contactSetup</span>
                <span class="method-start">11293 ms</span>
              </div> <!-- configuration-class before -->
            </div> <!-- chronological-class -->
            <div class="chronological-class">
              <div class="chronological-class-name">com.qa.raybiztech.tests.ArtificialIntelligencePageTest</div> <!-- chronological-class-name -->
              <div class="test-method">
                <span class="method-name">ArtificialIntelligencePageTitleValidation</span>
                <span class="method-start">14596 ms</span>
              </div> <!-- test-method -->
              <div class="test-method">
                <span class="method-name">artificialIntelligenceHeader</span>
                <span class="method-start">15107 ms</span>
              </div> <!-- test-method -->
            </div> <!-- chronological-class -->
            <div class="chronological-class">
              <div class="chronological-class-name">com.qa.raybiztech.tests.ContactPageTest</div> <!-- chronological-class-name -->
              <div class="test-method">
                <span class="method-name">contactRegisterReset(Amarendra Pani, 9.898565623E9, India, Testing, reset)</span>
                <span class="method-start">16340 ms</span>
              </div> <!-- test-method -->
            </div> <!-- chronological-class -->
            <div class="chronological-class">
              <div class="chronological-class-name">com.qa.raybiztech.tests.ArtificialIntelligencePageTest</div> <!-- chronological-class-name -->
              <div class="configuration-test after">
                <span class="method-name">tearDown</span>
                <span class="method-start">16472 ms</span>
              </div> <!-- configuration-test after -->
            </div> <!-- chronological-class -->
            <div class="chronological-class">
              <div class="chronological-class-name">com.qa.raybiztech.tests.HomePageTest</div> <!-- chronological-class-name -->
              <div class="test-method">
                <span class="method-name">homePageTitleValidation</span>
                <span class="method-start">16788 ms</span>
              </div> <!-- test-method -->
              <div class="test-method">
                <span class="method-name">homePageTitleValidation</span>
                <span class="method-start">22611 ms</span>
              </div> <!-- test-method -->
            </div> <!-- chronological-class -->
            <div class="chronological-class">
              <div class="chronological-class-name">com.qa.raybiztech.tests.ContactPageTest</div> <!-- chronological-class-name -->
              <div class="test-method">
                <span class="method-name">contactRegisterReset(Srilatha bindu, 1.245782585E9, India, Srilatha Testing21, reset)</span>
                <span class="method-start">24922 ms</span>
              </div> <!-- test-method -->
            </div> <!-- chronological-class -->
            <div class="chronological-class">
              <div class="chronological-class-name">com.qa.raybiztech.tests.HomePageTest</div> <!-- chronological-class-name -->
              <div class="test-method">
                <img src="failed.png">
                </img>
                <span class="method-name">homePageTitleValidation</span>
                <span class="method-start">28072 ms</span>
              </div> <!-- test-method -->
            </div> <!-- chronological-class -->
            <div class="chronological-class">
              <div class="chronological-class-name">com.qa.raybiztech.tests.ContactPageTest</div> <!-- chronological-class-name -->
              <div class="test-method">
                <span class="method-name">contactRegisterReset(Haritha Juthuru, 3.265982536E9, India, Haritha Testing31, reset)</span>
                <span class="method-start">32577 ms</span>
              </div> <!-- test-method -->
            </div> <!-- chronological-class -->
            <div class="chronological-class">
              <div class="chronological-class-name">com.qa.raybiztech.tests.HomePageTest</div> <!-- chronological-class-name -->
              <div class="test-method">
                <span class="method-name">rbtLogoValidation</span>
                <span class="method-start">33434 ms</span>
              </div> <!-- test-method -->
              <div class="configuration-test after">
                <span class="method-name">tearDown</span>
                <span class="method-start">34689 ms</span>
              </div> <!-- configuration-test after -->
            </div> <!-- chronological-class -->
            <div class="chronological-class">
              <div class="chronological-class-name">com.qa.raybiztech.tests.ContactPageTest</div> <!-- chronological-class-name -->
              <div class="test-method">
                <span class="method-name">contactRegisterReset(Mamatha Thunum, 4.532657814E9, India, Mamatha Testing21, reset)</span>
                <span class="method-start">40188 ms</span>
              </div> <!-- test-method -->
              <div class="configuration-test after">
                <span class="method-name">tearDown</span>
                <span class="method-start">47784 ms</span>
              </div> <!-- configuration-test after -->
          </div> <!-- main-panel-content rounded-window-bottom -->
        </div> <!-- panel -->
      </div> <!-- main-panel-root -->
    </div> <!-- wrapper -->
  </body>
<script type="text/javascript" src="testng-reports2.js"></script>
</html>
