<?xml version="1.0" encoding="UTF-8"?>
<!-- Generated by org.testng.reporters.JUnitReportReporter -->
<testsuite hostname="LAPTOP-8J3R7791" failures="0" tests="5" name="com.qa.raybiztech.tests.HomePageTest" time="21.873" errors="1" timestamp="2023-01-09T15:20:27 IST" skipped="3">
  <testcase classname="com.qa.raybiztech.tests.HomePageTest" name="homePageTitleValidation" time="5.184">
    <skipped/>
  </testcase> <!-- homePageTitleValidation -->
  <system-out/>
  <testcase classname="com.qa.raybiztech.tests.HomePageTest" name="homePageTitleValidation" time="5.513">
    <skipped/>
  </testcase> <!-- homePageTitleValidation -->
  <system-out/>
  <testcase classname="com.qa.raybiztech.tests.HomePageTest" name="homePageTitleValidation" time="5.084">
    <error message="Expected condition failed: waiting for title to be &quot;A, Dynamics 365 ERP &amp; CRM, Kentico, Sitecore, Dell Boomi-RBT&quot;. Current title: &quot;AI, Dynamics 365 ERP &amp; CRM, Kentico, Sitecore, Dell Boomi-RBT&quot; (tried for 5 second(s) with 500 milliseconds interval)
Build info: version: &#039;4.1.1&#039;, revision: &#039;e8fcc2cecf&#039;
System info: host: &#039;LAPTOP-8J3R7791&#039;, ip: &#039;192.168.3.53&#039;, os.name: &#039;Windows 11&#039;, os.arch: &#039;amd64&#039;, os.version: &#039;10.0&#039;, java.version: &#039;17.0.5&#039;
Driver info: org.openqa.selenium.chrome.ChromeDriver
Capabilities {acceptInsecureCerts: false, browserName: chrome, browserVersion: 108.0.5359.125, chrome: {chromedriverVersion: 108.0.5359.71 (1e0e3868ee06..., userDataDir: C:\Users\mprag\AppData\Loca...}, goog:chromeOptions: {debuggerAddress: localhost:56239}, javascriptEnabled: true, networkConnectionEnabled: false, pageLoadStrategy: normal, platform: WINDOWS, platformName: WINDOWS, proxy: Proxy(), se:cdp: ws://localhost:56239/devtoo..., se:cdpVersion: 108.0.5359.125, setWindowRect: true, strictFileInteractability: false, timeouts: {implicit: 0, pageLoad: 300000, script: 30000}, unhandledPromptBehavior: dismiss and notify, webauthn:extension:credBlob: true, webauthn:extension:largeBlob: true, webauthn:virtualAuthenticators: true}
Session ID: 30c6be6f00c46e1cbf21d36b5d8dc8b6" type="org.openqa.selenium.TimeoutException">
      <![CDATA[org.openqa.selenium.TimeoutException: Expected condition failed: waiting for title to be "A, Dynamics 365 ERP & CRM, Kentico, Sitecore, Dell Boomi-RBT". Current title: "AI, Dynamics 365 ERP & CRM, Kentico, Sitecore, Dell Boomi-RBT" (tried for 5 second(s) with 500 milliseconds interval)
Build info: version: '4.1.1', revision: 'e8fcc2cecf'
System info: host: 'LAPTOP-8J3R7791', ip: '192.168.3.53', os.name: 'Windows 11', os.arch: 'amd64', os.version: '10.0', java.version: '17.0.5'
Driver info: org.openqa.selenium.chrome.ChromeDriver
Capabilities {acceptInsecureCerts: false, browserName: chrome, browserVersion: 108.0.5359.125, chrome: {chromedriverVersion: 108.0.5359.71 (1e0e3868ee06..., userDataDir: C:\Users\mprag\AppData\Loca...}, goog:chromeOptions: {debuggerAddress: localhost:56239}, javascriptEnabled: true, networkConnectionEnabled: false, pageLoadStrategy: normal, platform: WINDOWS, platformName: WINDOWS, proxy: Proxy(), se:cdp: ws://localhost:56239/devtoo..., se:cdpVersion: 108.0.5359.125, setWindowRect: true, strictFileInteractability: false, timeouts: {implicit: 0, pageLoad: 300000, script: 30000}, unhandledPromptBehavior: dismiss and notify, webauthn:extension:credBlob: true, webauthn:extension:largeBlob: true, webauthn:virtualAuthenticators: true}
Session ID: 30c6be6f00c46e1cbf21d36b5d8dc8b6
at org.openqa.selenium.support.ui.WebDriverWait.timeoutException(WebDriverWait.java:138)
at org.openqa.selenium.support.ui.FluentWait.until(FluentWait.java:231)
at com.qa.raybiztech.utils.ElementUtil.waitForPageActTitle(ElementUtil.java:332)
at com.qa.raybiztech.utils.ElementUtil.doGetPageTitleIs(ElementUtil.java:343)
at com.qa.raybiztech.pages.HomePage.getHomePageTitle(HomePage.java:36)
at com.qa.raybiztech.tests.HomePageTest.homePageTitleValidation(HomePageTest.java:17)
at java.base/jdk.internal.reflect.NativeMethodAccessorImpl.invoke0(Native Method)
at java.base/jdk.internal.reflect.NativeMethodAccessorImpl.invoke(NativeMethodAccessorImpl.java:77)
at java.base/jdk.internal.reflect.DelegatingMethodAccessorImpl.invoke(DelegatingMethodAccessorImpl.java:43)
at java.base/java.lang.reflect.Method.invoke(Method.java:568)
at org.testng.internal.MethodInvocationHelper.invokeMethod(MethodInvocationHelper.java:133)
at org.testng.internal.TestInvoker.invokeMethod(TestInvoker.java:598)
at org.testng.internal.TestInvoker.retryFailed(TestInvoker.java:213)
at org.testng.internal.MethodRunner.runInSequence(MethodRunner.java:58)
at org.testng.internal.TestInvoker$MethodInvocationAgent.invoke(TestInvoker.java:824)
at org.testng.internal.TestInvoker.invokeTestMethods(TestInvoker.java:146)
at org.testng.internal.TestMethodWorker.invokeTestMethods(TestMethodWorker.java:146)
at org.testng.internal.TestMethodWorker.run(TestMethodWorker.java:128)
at java.base/java.util.ArrayList.forEach(ArrayList.java:1511)
at org.testng.TestRunner.privateRun(TestRunner.java:794)
at org.testng.TestRunner.run(TestRunner.java:596)
at org.testng.SuiteRunner.runTest(SuiteRunner.java:377)
at org.testng.SuiteRunner.access$000(SuiteRunner.java:28)
at org.testng.SuiteRunner$SuiteWorker.run(SuiteRunner.java:418)
at org.testng.internal.thread.ThreadUtil.lambda$execute$0(ThreadUtil.java:64)
at java.base/java.util.concurrent.FutureTask.run(FutureTask.java:264)
at java.base/java.util.concurrent.ThreadPoolExecutor.runWorker(ThreadPoolExecutor.java:1136)
at java.base/java.util.concurrent.ThreadPoolExecutor$Worker.run(ThreadPoolExecutor.java:635)
at java.base/java.lang.Thread.run(Thread.java:833)
]]>
    </error>
  </testcase> <!-- homePageTitleValidation -->
  <system-out/>
  <testcase classname="com.qa.raybiztech.tests.HomePageTest" name="rbtLogoValidation" time="0.960"/>
  <system-out/>
  <testcase classname="com.qa.raybiztech.tests.HomePageTest" name="homePageTitleValidation" time="5.132">
    <skipped/>
  </testcase> <!-- homePageTitleValidation -->
  <system-out/>
</testsuite> <!-- com.qa.raybiztech.tests.HomePageTest -->
